# JRE version: Java(TM) SE Runtime Environment (8.0_25-b18) (build 1.8.0_25-b18)
# Java VM: Java HotSpot(TM) 64-Bit Server VM (25.25-b02 mixed mode windows-amd64 compressed oops)
Heap:
 PSYoungGen      total 145408K, used 16674K [0x00000000eab00000, 0x00000000fa900000, 0x0000000100000000)
  eden space 123904K, 3% used [0x00000000eab00000,0x00000000eaf57940,0x00000000f2400000)
  from space 21504K, 56% used [0x00000000f2400000,0x00000000f2ff0f20,0x00000000f3900000)
  to   space 30720K, 0% used [0x00000000f8b00000,0x00000000f8b00000,0x00000000fa900000)
 ParOldGen       total 81920K, used 43536K [0x00000000c0000000, 0x00000000c5000000, 0x00000000eab00000)
  object space 81920K, 53% used [0x00000000c0000000,0x00000000c2a842d8,0x00000000c5000000)
 Metaspace       used 6455K, capacity 7256K, committed 7424K, reserved 1056768K
  class space    used 613K, capacity 656K, committed 768K, reserved 1048576K
GC Heap History (10 events):
Event: 4.052 GC heap before
{Heap before GC invocations=6 (full 0):
 PSYoungGen      total 35328K, used 35320K [0x00000000eab00000, 0x00000000eff00000, 0x0000000100000000)
  eden space 32768K, 100% used [0x00000000eab00000,0x00000000ecb00000,0x00000000ecb00000)
  from space 2560K, 99% used [0x00000000ecb00000,0x00000000ecd7e228,0x00000000ecd80000)
  to   space 10240K, 0% used [0x00000000ef500000,0x00000000ef500000,0x00000000eff00000)
 ParOldGen       total 44032K, used 13412K [0x00000000c0000000, 0x00000000c2b00000, 0x00000000eab00000)
  object space 44032K, 30% used [0x00000000c0000000,0x00000000c0d193c0,0x00000000c2b00000)
 Metaspace       used 6189K, capacity 7152K, committed 7296K, reserved 1056768K
  class space    used 593K, capacity 616K, committed 640K, reserved 1048576K
Event: 4.088 GC heap after
Heap after GC invocations=6 (full 0):
 PSYoungGen      total 74752K, used 8344K [0x00000000eab00000, 0x00000000f0100000, 0x0000000100000000)
  eden space 64512K, 0% used [0x00000000eab00000,0x00000000eab00000,0x00000000eea00000)
  from space 10240K, 81% used [0x00000000ef500000,0x00000000efd26228,0x00000000eff00000)
  to   space 11264K, 0% used [0x00000000eea00000,0x00000000eea00000,0x00000000ef500000)
 ParOldGen       total 44032K, used 13412K [0x00000000c0000000, 0x00000000c2b00000, 0x00000000eab00000)
  object space 44032K, 30% used [0x00000000c0000000,0x00000000c0d193c0,0x00000000c2b00000)
 Metaspace       used 6189K, capacity 7152K, committed 7296K, reserved 1056768K
  class space    used 593K, capacity 616K, committed 640K, reserved 1048576K
}
Event: 4.733 GC heap before
{Heap before GC invocations=7 (full 0):
 PSYoungGen      total 74752K, used 72856K [0x00000000eab00000, 0x00000000f0100000, 0x0000000100000000)
  eden space 64512K, 100% used [0x00000000eab00000,0x00000000eea00000,0x00000000eea00000)
  from space 10240K, 81% used [0x00000000ef500000,0x00000000efd26228,0x00000000eff00000)
  to   space 11264K, 0% used [0x00000000eea00000,0x00000000eea00000,0x00000000ef500000)
 ParOldGen       total 44032K, used 13412K [0x00000000c0000000, 0x00000000c2b00000, 0x00000000eab00000)
  object space 44032K, 30% used [0x00000000c0000000,0x00000000c0d193c0,0x00000000c2b00000)
 Metaspace       used 6251K, capacity 7152K, committed 7296K, reserved 1056768K
  class space    used 593K, capacity 616K, committed 640K, reserved 1048576K
Event: 4.925 GC heap after
Heap after GC invocations=7 (full 0):
 PSYoungGen      total 75776K, used 11234K [0x00000000eab00000, 0x00000000f4900000, 0x0000000100000000)
  eden space 64512K, 0% used [0x00000000eab00000,0x00000000eab00000,0x00000000eea00000)
  from space 11264K, 99% used [0x00000000eea00000,0x00000000ef4f8940,0x00000000ef500000)
  to   space 16384K, 0% used [0x00000000f3900000,0x00000000f3900000,0x00000000f4900000)
 ParOldGen       total 44032K, used 19663K [0x00000000c0000000, 0x00000000c2b00000, 0x00000000eab00000)
  object space 44032K, 44% used [0x00000000c0000000,0x00000000c1333d90,0x00000000c2b00000)
 Metaspace       used 6251K, capacity 7152K, committed 7296K, reserved 1056768K
  class space    used 593K, capacity 616K, committed 640K, reserved 1048576K
}
Event: 5.654 GC heap before
{Heap before GC invocations=8 (full 0):
 PSYoungGen      total 75776K, used 75746K [0x00000000eab00000, 0x00000000f4900000, 0x0000000100000000)
  eden space 64512K, 100% used [0x00000000eab00000,0x00000000eea00000,0x00000000eea00000)
  from space 11264K, 99% used [0x00000000eea00000,0x00000000ef4f8940,0x00000000ef500000)
  to   space 16384K, 0% used [0x00000000f3900000,0x00000000f3900000,0x00000000f4900000)
 ParOldGen       total 44032K, used 19663K [0x00000000c0000000, 0x00000000c2b00000, 0x00000000eab00000)
  object space 44032K, 44% used [0x00000000c0000000,0x00000000c1333d90,0x00000000c2b00000)
 Metaspace       used 6309K, capacity 7216K, committed 7296K, reserved 1056768K
  class space    used 593K, capacity 616K, committed 640K, reserved 1048576K
Event: 5.754 GC heap after
Heap after GC invocations=8 (full 0):
 PSYoungGen      total 140288K, used 16357K [0x00000000eab00000, 0x00000000f5300000, 0x0000000100000000)
  eden space 123904K, 0% used [0x00000000eab00000,0x00000000eab00000,0x00000000f2400000)
  from space 16384K, 99% used [0x00000000f3900000,0x00000000f48f9650,0x00000000f4900000)
  to   space 21504K, 0% used [0x00000000f2400000,0x00000000f2400000,0x00000000f3900000)
 ParOldGen       total 44032K, used 25091K [0x00000000c0000000, 0x00000000c2b00000, 0x00000000eab00000)
  object space 44032K, 56% used [0x00000000c0000000,0x00000000c1880fc8,0x00000000c2b00000)
 Metaspace       used 6309K, capacity 7216K, committed 7296K, reserved 1056768K
  class space    used 593K, capacity 616K, committed 640K, reserved 1048576K
}
Event: 11.477 GC heap before
{Heap before GC invocations=9 (full 0):
 PSYoungGen      total 140288K, used 140261K [0x00000000eab00000, 0x00000000f5300000, 0x0000000100000000)
  eden space 123904K, 100% used [0x00000000eab00000,0x00000000f2400000,0x00000000f2400000)
  from space 16384K, 99% used [0x00000000f3900000,0x00000000f48f9650,0x00000000f4900000)
  to   space 21504K, 0% used [0x00000000f2400000,0x00000000f2400000,0x00000000f3900000)
 ParOldGen       total 44032K, used 25091K [0x00000000c0000000, 0x00000000c2b00000, 0x00000000eab00000)
  object space 44032K, 56% used [0x00000000c0000000,0x00000000c1880fc8,0x00000000c2b00000)
 Metaspace       used 6455K, capacity 7256K, committed 7424K, reserved 1056768K
  class space    used 613K, capacity 656K, committed 768K, reserved 1048576K
Event: 13.087 GC heap after
Heap after GC invocations=9 (full 0):
 PSYoungGen      total 145408K, used 21475K [0x00000000eab00000, 0x00000000fa900000, 0x0000000100000000)
  eden space 123904K, 0% used [0x00000000eab00000,0x00000000eab00000,0x00000000f2400000)
  from space 21504K, 99% used [0x00000000f2400000,0x00000000f38f8cb8,0x00000000f3900000)
  to   space 30720K, 0% used [0x00000000f8b00000,0x00000000f8b00000,0x00000000fa900000)
 ParOldGen       total 44032K, used 38295K [0x00000000c0000000, 0x00000000c2b00000, 0x00000000eab00000)
  object space 44032K, 86% used [0x00000000c0000000,0x00000000c2565f20,0x00000000c2b00000)
 Metaspace       used 6455K, capacity 7256K, committed 7424K, reserved 1056768K
  class space    used 613K, capacity 656K, committed 768K, reserved 1048576K
}
Event: 13.087 GC heap before
{Heap before GC invocations=10 (full 1):
 PSYoungGen      total 145408K, used 21475K [0x00000000eab00000, 0x00000000fa900000, 0x0000000100000000)
  eden space 123904K, 0% used [0x00000000eab00000,0x00000000eab00000,0x00000000f2400000)
  from space 21504K, 99% used [0x00000000f2400000,0x00000000f38f8cb8,0x00000000f3900000)
  to   space 30720K, 0% used [0x00000000f8b00000,0x00000000f8b00000,0x00000000fa900000)
 ParOldGen       total 44032K, used 38295K [0x00000000c0000000, 0x00000000c2b00000, 0x00000000eab00000)
  object space 44032K, 86% used [0x00000000c0000000,0x00000000c2565f20,0x00000000c2b00000)
 Metaspace       used 6455K, capacity 7256K, committed 7424K, reserved 1056768K
  class space    used 613K, capacity 656K, committed 768K, reserved 1048576K
Event: 16.967 GC heap after
Heap after GC invocations=10 (full 1):
 PSYoungGen      total 145408K, used 12227K [0x00000000eab00000, 0x00000000fa900000, 0x0000000100000000)
  eden space 123904K, 0% used [0x00000000eab00000,0x00000000eab00000,0x00000000f2400000)
  from space 21504K, 56% used [0x00000000f2400000,0x00000000f2ff0f20,0x00000000f3900000)
  to   space 30720K, 0% used [0x00000000f8b00000,0x00000000f8b00000,0x00000000fa900000)
 ParOldGen       total 81920K, used 43536K [0x00000000c0000000, 0x00000000c5000000, 0x00000000eab00000)
  object space 81920K, 53% used [0x00000000c0000000,0x00000000c2a842d8,0x00000000c5000000)
 Metaspace       used 6455K, capacity 7256K, committed 7424K, reserved 1056768K
  class space    used 613K, capacity 656K, committed 768K, reserved 1048576K
}

